<?xml version="1.0" encoding="UTF-8"?>
<!-- Generated by org.testng.reporters.JUnitReportReporter -->
<testsuite hostname="Reshmas-MacBook-Air.local" failures="0" tests="1" name="com.sevenmartsupermarkert.tests.DashBoardTest" time="5.079" errors="0" timestamp="2024-11-27T10:33:57 IST" skipped="0">
  <testcase classname="com.sevenmartsupermarkert.tests.DashBoardTest" name="dashBoards" time="5.079"/>
</testsuite> <!-- com.sevenmartsupermarkert.tests.DashBoardTest -->
