<?xml version="1.0" encoding="UTF-8"?>
<!-- Generated by org.testng.reporters.JUnitReportReporter -->
<testsuite hostname="Reshmas-MacBook-Air.local" failures="0" tests="1" name="com.sevenmartsupermarkert.tests.ManageFooterText" time="3.897" errors="0" timestamp="2024-11-25T15:20:54 IST" skipped="0">
  <testcase classname="com.sevenmartsupermarkert.tests.ManageFooterText" name="verifytableHeadings" time="3.897"/>
</testsuite> <!-- com.sevenmartsupermarkert.tests.ManageFooterText -->
